# JRE version: OpenJDK Runtime Environment (8.0_152-b01) (build 1.8.0_152-release-1343-b01)
# Java VM: OpenJDK 64-Bit Server VM (25.152-b01 mixed mode windows-amd64 compressed oops)
Heap:
 PSYoungGen      total 499712K, used 149006K [0x00000000e0000000, 0x0000000100000000, 0x0000000100000000)
  eden space 476160K, 30% used [0x00000000e0000000,0x00000000e8ceb868,0x00000000fd100000)
  from space 23552K, 19% used [0x00000000fe900000,0x00000000fed98000,0x0000000100000000)
  to   space 24064K, 0% used [0x00000000fd100000,0x00000000fd100000,0x00000000fe880000)
 ParOldGen       total 138752K, used 114639K [0x00000000a0000000, 0x00000000a8780000, 0x00000000e0000000)
  object space 138752K, 82% used [0x00000000a0000000,0x00000000a6ff3c10,0x00000000a8780000)
 Metaspace       used 87749K, capacity 91104K, committed 91544K, reserved 1128448K
  class space    used 11122K, capacity 11816K, committed 11944K, reserved 1048576K
GC Heap History (10 events):
Event: 1514.885 GC heap before
{Heap before GC invocations=31 (full 4):
 PSYoungGen      total 403968K, used 386736K [0x00000000e0000000, 0x00000000fa280000, 0x0000000100000000)
  eden space 381440K, 100% used [0x00000000e0000000,0x00000000f7480000,0x00000000f7480000)
  from space 22528K, 23% used [0x00000000f8c80000,0x00000000f91ac040,0x00000000fa280000)
  to   space 23552K, 0% used [0x00000000f7480000,0x00000000f7480000,0x00000000f8b80000)
 ParOldGen       total 138752K, used 78546K [0x00000000a0000000, 0x00000000a8780000, 0x00000000e0000000)
  object space 138752K, 56% used [0x00000000a0000000,0x00000000a4cb4b70,0x00000000a8780000)
 Metaspace       used 87088K, capacity 90398K, committed 91032K, reserved 1128448K
  class space    used 11054K, capacity 11727K, committed 11944K, reserved 1048576K
Event: 1514.942 GC heap after
Heap after GC invocations=31 (full 4):
 PSYoungGen      total 404992K, used 7700K [0x00000000e0000000, 0x00000000fe580000, 0x0000000100000000)
  eden space 381440K, 0% used [0x00000000e0000000,0x00000000e0000000,0x00000000f7480000)
  from space 23552K, 32% used [0x00000000f7480000,0x00000000f7c05048,0x00000000f8b80000)
  to   space 23040K, 0% used [0x00000000fcf00000,0x00000000fcf00000,0x00000000fe580000)
 ParOldGen       total 138752K, used 83122K [0x00000000a0000000, 0x00000000a8780000, 0x00000000e0000000)
  object space 138752K, 59% used [0x00000000a0000000,0x00000000a512cbd0,0x00000000a8780000)
 Metaspace       used 87088K, capacity 90398K, committed 91032K, reserved 1128448K
  class space    used 11054K, capacity 11727K, committed 11944K, reserved 1048576K
}
Event: 1518.330 GC heap before
{Heap before GC invocations=32 (full 4):
 PSYoungGen      total 404992K, used 389140K [0x00000000e0000000, 0x00000000fe580000, 0x0000000100000000)
  eden space 381440K, 100% used [0x00000000e0000000,0x00000000f7480000,0x00000000f7480000)
  from space 23552K, 32% used [0x00000000f7480000,0x00000000f7c05048,0x00000000f8b80000)
  to   space 23040K, 0% used [0x00000000fcf00000,0x00000000fcf00000,0x00000000fe580000)
 ParOldGen       total 138752K, used 83122K [0x00000000a0000000, 0x00000000a8780000, 0x00000000e0000000)
  object space 138752K, 59% used [0x00000000a0000000,0x00000000a512cbd0,0x00000000a8780000)
 Metaspace       used 87111K, capacity 90402K, committed 91032K, reserved 1128448K
  class space    used 11054K, capacity 11727K, committed 11944K, reserved 1048576K
Event: 1518.578 GC heap after
Heap after GC invocations=32 (full 4):
 PSYoungGen      total 475136K, used 8514K [0x00000000e0000000, 0x00000000fe880000, 0x0000000100000000)
  eden space 452096K, 0% used [0x00000000e0000000,0x00000000e0000000,0x00000000fb980000)
  from space 23040K, 36% used [0x00000000fcf00000,0x00000000fd7508f8,0x00000000fe580000)
  to   space 22016K, 0% used [0x00000000fb980000,0x00000000fb980000,0x00000000fcf00000)
 ParOldGen       total 138752K, used 88736K [0x00000000a0000000, 0x00000000a8780000, 0x00000000e0000000)
  object space 138752K, 63% used [0x00000000a0000000,0x00000000a56a8038,0x00000000a8780000)
 Metaspace       used 87111K, capacity 90402K, committed 91032K, reserved 1128448K
  class space    used 11054K, capacity 11727K, committed 11944K, reserved 1048576K
}
Event: 1523.922 GC heap before
{Heap before GC invocations=33 (full 4):
 PSYoungGen      total 475136K, used 460610K [0x00000000e0000000, 0x00000000fe880000, 0x0000000100000000)
  eden space 452096K, 100% used [0x00000000e0000000,0x00000000fb980000,0x00000000fb980000)
  from space 23040K, 36% used [0x00000000fcf00000,0x00000000fd7508f8,0x00000000fe580000)
  to   space 22016K, 0% used [0x00000000fb980000,0x00000000fb980000,0x00000000fcf00000)
 ParOldGen       total 138752K, used 88736K [0x00000000a0000000, 0x00000000a8780000, 0x00000000e0000000)
  object space 138752K, 63% used [0x00000000a0000000,0x00000000a56a8038,0x00000000a8780000)
 Metaspace       used 87157K, capacity 90530K, committed 91288K, reserved 1128448K
  class space    used 11056K, capacity 11727K, committed 11944K, reserved 1048576K
Event: 1524.664 GC heap after
Heap after GC invocations=33 (full 4):
 PSYoungGen      total 474112K, used 4098K [0x00000000e0000000, 0x00000000ffe00000, 0x0000000100000000)
  eden space 452096K, 0% used [0x00000000e0000000,0x00000000e0000000,0x00000000fb980000)
  from space 22016K, 18% used [0x00000000fb980000,0x00000000fbd80ad0,0x00000000fcf00000)
  to   space 21504K, 0% used [0x00000000fe900000,0x00000000fe900000,0x00000000ffe00000)
 ParOldGen       total 138752K, used 93097K [0x00000000a0000000, 0x00000000a8780000, 0x00000000e0000000)
  object space 138752K, 67% used [0x00000000a0000000,0x00000000a5aea6f0,0x00000000a8780000)
 Metaspace       used 87157K, capacity 90530K, committed 91288K, reserved 1128448K
  class space    used 11056K, capacity 11727K, committed 11944K, reserved 1048576K
}
Event: 1588.239 GC heap before
{Heap before GC invocations=34 (full 4):
 PSYoungGen      total 474112K, used 456194K [0x00000000e0000000, 0x00000000ffe00000, 0x0000000100000000)
  eden space 452096K, 100% used [0x00000000e0000000,0x00000000fb980000,0x00000000fb980000)
  from space 22016K, 18% used [0x00000000fb980000,0x00000000fbd80ad0,0x00000000fcf00000)
  to   space 21504K, 0% used [0x00000000fe900000,0x00000000fe900000,0x00000000ffe00000)
 ParOldGen       total 138752K, used 93097K [0x00000000a0000000, 0x00000000a8780000, 0x00000000e0000000)
  object space 138752K, 67% used [0x00000000a0000000,0x00000000a5aea6f0,0x00000000a8780000)
 Metaspace       used 87578K, capacity 90876K, committed 91544K, reserved 1128448K
  class space    used 11115K, capacity 11784K, committed 11944K, reserved 1048576K
Event: 1588.270 GC heap after
Heap after GC invocations=34 (full 4):
 PSYoungGen      total 501248K, used 8500K [0x00000000e0000000, 0x00000000ffd80000, 0x0000000100000000)
  eden space 480256K, 0% used [0x00000000e0000000,0x00000000e0000000,0x00000000fd500000)
  from space 20992K, 40% used [0x00000000fe900000,0x00000000ff14d010,0x00000000ffd80000)
  to   space 20480K, 0% used [0x00000000fd500000,0x00000000fd500000,0x00000000fe900000)
 ParOldGen       total 138752K, used 93555K [0x00000000a0000000, 0x00000000a8780000, 0x00000000e0000000)
  object space 138752K, 67% used [0x00000000a0000000,0x00000000a5b5cc48,0x00000000a8780000)
 Metaspace       used 87578K, capacity 90876K, committed 91544K, reserved 1128448K
  class space    used 11115K, capacity 11784K, committed 11944K, reserved 1048576K
}
Event: 1598.101 GC heap before
{Heap before GC invocations=35 (full 4):
 PSYoungGen      total 501248K, used 488756K [0x00000000e0000000, 0x00000000ffd80000, 0x0000000100000000)
  eden space 480256K, 100% used [0x00000000e0000000,0x00000000fd500000,0x00000000fd500000)
  from space 20992K, 40% used [0x00000000fe900000,0x00000000ff14d010,0x00000000ffd80000)
  to   space 20480K, 0% used [0x00000000fd500000,0x00000000fd500000,0x00000000fe900000)
 ParOldGen       total 138752K, used 93555K [0x00000000a0000000, 0x00000000a8780000, 0x00000000e0000000)
  object space 138752K, 67% used [0x00000000a0000000,0x00000000a5b5cc48,0x00000000a8780000)
 Metaspace       used 87717K, capacity 91072K, committed 91544K, reserved 1128448K
  class space    used 11120K, capacity 11784K, committed 11944K, reserved 1048576K
Event: 1598.132 GC heap after
Heap after GC invocations=35 (full 4):
 PSYoungGen      total 500736K, used 20462K [0x00000000e0000000, 0x0000000100000000, 0x0000000100000000)
  eden space 480256K, 0% used [0x00000000e0000000,0x00000000e0000000,0x00000000fd500000)
  from space 20480K, 99% used [0x00000000fd500000,0x00000000fe8fbb90,0x00000000fe900000)
  to   space 23552K, 0% used [0x00000000fe900000,0x00000000fe900000,0x0000000100000000)
 ParOldGen       total 138752K, used 96026K [0x00000000a0000000, 0x00000000a8780000, 0x00000000e0000000)
  object space 138752K, 69% used [0x00000000a0000000,0x00000000a5dc6bf0,0x00000000a8780000)
 Metaspace       used 87717K, capacity 91072K, committed 91544K, reserved 1128448K
  class space    used 11120K, capacity 11784K, committed 11944K, reserved 1048576K
}

